mode: atomic
github.com/pbagtoltol/omniwriter/internal/emit/xml/emitter.go:17.29,24.2 1 2
github.com/pbagtoltol/omniwriter/internal/emit/xml/emitter.go:34.52,45.27 4 3
github.com/pbagtoltol/omniwriter/internal/emit/xml/emitter.go:45.27,47.3 1 2
github.com/pbagtoltol/omniwriter/internal/emit/xml/emitter.go:49.2,49.15 1 3
github.com/pbagtoltol/omniwriter/internal/emit/xml/emitter.go:54.68,58.2 2 3
github.com/pbagtoltol/omniwriter/internal/emit/xml/emitter.go:61.32,63.2 1 3
github.com/pbagtoltol/omniwriter/internal/emit/xml/emitter.go:66.65,67.26 1 10
github.com/pbagtoltol/omniwriter/internal/emit/xml/emitter.go:68.30,81.29 3 3
github.com/pbagtoltol/omniwriter/internal/emit/xml/emitter.go:81.29,84.4 2 4
github.com/pbagtoltol/omniwriter/internal/emit/xml/emitter.go:86.3,86.14 1 3
github.com/pbagtoltol/omniwriter/internal/emit/xml/emitter.go:87.21,98.26 3 1
github.com/pbagtoltol/omniwriter/internal/emit/xml/emitter.go:98.26,101.4 2 3
github.com/pbagtoltol/omniwriter/internal/emit/xml/emitter.go:103.3,103.13 1 1
github.com/pbagtoltol/omniwriter/internal/emit/xml/emitter.go:104.10,114.4 2 6
github.com/pbagtoltol/omniwriter/internal/emit/text/emitter.go:20.29,27.2 1 1
github.com/pbagtoltol/omniwriter/internal/emit/text/emitter.go:37.52,43.2 1 4
github.com/pbagtoltol/omniwriter/internal/emit/text/emitter.go:46.68,47.14 1 5
github.com/pbagtoltol/omniwriter/internal/emit/text/emitter.go:47.14,48.70 1 1
github.com/pbagtoltol/omniwriter/internal/emit/text/emitter.go:48.70,50.4 1 0
github.com/pbagtoltol/omniwriter/internal/emit/text/emitter.go:52.2,54.29 2 5
github.com/pbagtoltol/omniwriter/internal/emit/text/emitter.go:54.29,57.3 1 1
github.com/pbagtoltol/omniwriter/internal/emit/text/emitter.go:60.2,61.34 2 4
github.com/pbagtoltol/omniwriter/internal/emit/text/emitter.go:61.34,63.27 2 5
github.com/pbagtoltol/omniwriter/internal/emit/text/emitter.go:63.27,65.4 1 1
github.com/pbagtoltol/omniwriter/internal/emit/text/emitter.go:65.9,67.4 1 4
github.com/pbagtoltol/omniwriter/internal/emit/text/emitter.go:68.3,68.33 1 5
github.com/pbagtoltol/omniwriter/internal/emit/text/emitter.go:71.2,72.12 2 4
github.com/pbagtoltol/omniwriter/internal/emit/text/emitter.go:76.32,78.2 1 4
github.com/pbagtoltol/omniwriter/internal/emit/text/emitter.go:81.71,85.34 2 1
github.com/pbagtoltol/omniwriter/internal/emit/text/emitter.go:85.34,88.3 2 2
github.com/pbagtoltol/omniwriter/internal/emit/text/emitter.go:89.2,90.12 2 1
github.com/pbagtoltol/omniwriter/internal/emit/text/emitter.go:94.40,95.25 1 7
github.com/pbagtoltol/omniwriter/internal/emit/text/emitter.go:96.14,97.13 1 7
github.com/pbagtoltol/omniwriter/internal/emit/text/emitter.go:98.45,101.19 2 0
github.com/pbagtoltol/omniwriter/internal/emit/text/emitter.go:102.10,103.32 1 0
github.com/pbagtoltol/omniwriter/internal/emit/json/emitter.go:13.29,15.2 1 3
github.com/pbagtoltol/omniwriter/internal/emit/json/emitter.go:23.52,25.2 1 3
github.com/pbagtoltol/omniwriter/internal/emit/json/emitter.go:29.54,30.48 1 4
github.com/pbagtoltol/omniwriter/internal/emit/json/emitter.go:30.48,32.3 1 0
github.com/pbagtoltol/omniwriter/internal/emit/json/emitter.go:33.2,33.51 1 4
github.com/pbagtoltol/omniwriter/internal/emit/json/emitter.go:33.51,35.3 1 0
github.com/pbagtoltol/omniwriter/internal/emit/json/emitter.go:36.2,36.12 1 4
github.com/pbagtoltol/omniwriter/internal/emit/csv/emitter.go:19.29,23.2 1 0
github.com/pbagtoltol/omniwriter/internal/emit/csv/emitter.go:32.52,34.27 2 3
github.com/pbagtoltol/omniwriter/internal/emit/csv/emitter.go:34.27,36.3 1 3
github.com/pbagtoltol/omniwriter/internal/emit/csv/emitter.go:37.2,40.3 1 3
github.com/pbagtoltol/omniwriter/internal/emit/csv/emitter.go:44.68,46.32 2 3
github.com/pbagtoltol/omniwriter/internal/emit/csv/emitter.go:46.32,47.21 1 5
github.com/pbagtoltol/omniwriter/internal/emit/csv/emitter.go:47.21,49.4 1 5
github.com/pbagtoltol/omniwriter/internal/emit/csv/emitter.go:49.9,51.4 1 0
github.com/pbagtoltol/omniwriter/internal/emit/csv/emitter.go:53.2,53.23 1 3
github.com/pbagtoltol/omniwriter/internal/emit/csv/emitter.go:57.32,60.2 2 3
github.com/pbagtoltol/omniwriter/internal/emit/csv/emitter.go:63.71,66.26 3 5
github.com/pbagtoltol/omniwriter/internal/emit/csv/emitter.go:66.26,68.10 2 5
github.com/pbagtoltol/omniwriter/internal/emit/csv/emitter.go:68.10,70.4 1 0
github.com/pbagtoltol/omniwriter/internal/emit/csv/emitter.go:71.3,71.13 1 5
github.com/pbagtoltol/omniwriter/internal/emit/csv/emitter.go:73.2,73.12 1 5
github.com/pbagtoltol/omniwriter/internal/emit/csv/emitter.go:77.38,78.23 1 5
github.com/pbagtoltol/omniwriter/internal/emit/csv/emitter.go:79.11,80.12 1 0
github.com/pbagtoltol/omniwriter/internal/emit/csv/emitter.go:81.14,82.11 1 5
github.com/pbagtoltol/omniwriter/internal/emit/csv/emitter.go:83.15,84.24 1 0
github.com/pbagtoltol/omniwriter/internal/emit/csv/emitter.go:85.12,86.8 1 0
github.com/pbagtoltol/omniwriter/internal/emit/csv/emitter.go:86.8,88.4 1 0
github.com/pbagtoltol/omniwriter/internal/emit/csv/emitter.go:89.3,89.17 1 0
github.com/pbagtoltol/omniwriter/internal/emit/csv/emitter.go:90.10,91.12 1 0
github.com/pbagtoltol/omniwriter/internal/emit/csv/emitter.go:96.36,98.2 1 0
github.com/pbagtoltol/omniwriter/examples/flatfile_to_edi/main.go:12.13,16.16 3 0
github.com/pbagtoltol/omniwriter/examples/flatfile_to_edi/main.go:16.16,19.3 2 0
github.com/pbagtoltol/omniwriter/examples/flatfile_to_edi/main.go:21.2,22.16 2 0
github.com/pbagtoltol/omniwriter/examples/flatfile_to_edi/main.go:22.16,25.3 2 0
github.com/pbagtoltol/omniwriter/examples/flatfile_to_edi/main.go:26.2,40.16 7 0
github.com/pbagtoltol/omniwriter/examples/flatfile_to_edi/main.go:40.16,43.3 2 0
github.com/pbagtoltol/omniwriter/examples/flatfile_to_edi/main.go:45.2,49.55 5 0
github.com/pbagtoltol/omniwriter/pkg/omniwriter/transform.go:10.85,12.2 1 0
github.com/pbagtoltol/omniwriter/pkg/omniwriter/transform.go:14.88,16.2 1 0
github.com/pbagtoltol/omniwriter/internal/schema/validation.go:10.41,12.16 2 0
github.com/pbagtoltol/omniwriter/internal/schema/validation.go:12.16,14.3 1 0
github.com/pbagtoltol/omniwriter/internal/schema/validation.go:15.2,16.16 2 0
github.com/pbagtoltol/omniwriter/internal/schema/validation.go:16.16,18.3 1 0
github.com/pbagtoltol/omniwriter/internal/schema/validation.go:19.2,19.57 1 0
github.com/pbagtoltol/omniwriter/internal/schema/validation.go:19.57,21.3 1 0
github.com/pbagtoltol/omniwriter/internal/schema/validation.go:23.2,23.27 1 0
github.com/pbagtoltol/omniwriter/internal/schema/validation.go:24.13,25.16 1 0
github.com/pbagtoltol/omniwriter/internal/schema/validation.go:25.16,27.4 1 0
github.com/pbagtoltol/omniwriter/internal/schema/validation.go:28.3,29.17 2 0
github.com/pbagtoltol/omniwriter/internal/schema/validation.go:29.17,31.4 1 0
github.com/pbagtoltol/omniwriter/internal/schema/validation.go:32.3,32.28 1 0
github.com/pbagtoltol/omniwriter/internal/schema/validation.go:32.28,33.22 1 0
github.com/pbagtoltol/omniwriter/internal/schema/validation.go:33.22,35.5 1 0
github.com/pbagtoltol/omniwriter/internal/schema/validation.go:37.3,37.13 1 0
github.com/pbagtoltol/omniwriter/internal/schema/validation.go:38.13,40.17 2 0
github.com/pbagtoltol/omniwriter/internal/schema/validation.go:40.17,42.4 1 0
github.com/pbagtoltol/omniwriter/internal/schema/validation.go:43.3,43.15 1 0
github.com/pbagtoltol/omniwriter/internal/schema/validation.go:43.15,45.4 1 0
github.com/pbagtoltol/omniwriter/internal/schema/validation.go:46.3,46.44 1 0
github.com/pbagtoltol/omniwriter/internal/schema/validation.go:46.44,48.4 1 0
github.com/pbagtoltol/omniwriter/internal/schema/validation.go:49.3,49.13 1 0
github.com/pbagtoltol/omniwriter/internal/schema/validation.go:50.39,51.13 1 0
github.com/pbagtoltol/omniwriter/internal/schema/validation.go:52.10,53.41 1 0
github.com/pbagtoltol/omniwriter/internal/schema/validation.go:58.66,60.53 2 0
github.com/pbagtoltol/omniwriter/internal/schema/validation.go:60.53,62.3 1 0
github.com/pbagtoltol/omniwriter/internal/schema/validation.go:63.2,64.9 2 0
github.com/pbagtoltol/omniwriter/internal/schema/validation.go:64.9,66.3 1 0
github.com/pbagtoltol/omniwriter/internal/schema/validation.go:67.2,68.47 2 0
github.com/pbagtoltol/omniwriter/internal/schema/validation.go:68.47,70.3 1 0
github.com/pbagtoltol/omniwriter/internal/schema/validation.go:71.2,71.29 1 0
github.com/pbagtoltol/omniwriter/internal/schema/validation.go:71.29,73.3 1 0
github.com/pbagtoltol/omniwriter/internal/schema/validation.go:74.2,74.17 1 0
github.com/pbagtoltol/omniwriter/internal/schema/validation.go:78.72,80.53 2 0
github.com/pbagtoltol/omniwriter/internal/schema/validation.go:80.53,82.3 1 0
github.com/pbagtoltol/omniwriter/internal/schema/validation.go:83.2,84.9 2 0
github.com/pbagtoltol/omniwriter/internal/schema/validation.go:84.9,86.3 1 0
github.com/pbagtoltol/omniwriter/internal/schema/validation.go:87.2,88.47 2 0
github.com/pbagtoltol/omniwriter/internal/schema/validation.go:88.47,90.3 1 0
github.com/pbagtoltol/omniwriter/internal/schema/validation.go:91.2,91.17 1 0
github.com/pbagtoltol/omniwriter/internal/schema/validation.go:95.55,97.53 2 0
github.com/pbagtoltol/omniwriter/internal/schema/validation.go:97.53,99.3 1 0
github.com/pbagtoltol/omniwriter/internal/schema/validation.go:100.2,102.26 3 0
github.com/pbagtoltol/omniwriter/internal/schema/validation.go:105.47,107.53 2 0
github.com/pbagtoltol/omniwriter/internal/schema/validation.go:107.53,109.3 1 0
github.com/pbagtoltol/omniwriter/internal/schema/validation.go:110.2,111.9 2 0
github.com/pbagtoltol/omniwriter/internal/schema/validation.go:111.9,113.3 1 0
github.com/pbagtoltol/omniwriter/internal/schema/validation.go:114.2,115.58 2 0
github.com/pbagtoltol/omniwriter/internal/schema/validation.go:115.58,117.3 1 0
github.com/pbagtoltol/omniwriter/internal/schema/validation.go:118.2,118.41 1 0
github.com/pbagtoltol/omniwriter/internal/schema/validation.go:118.41,120.3 1 0
github.com/pbagtoltol/omniwriter/internal/schema/validation.go:121.2,121.12 1 0
github.com/pbagtoltol/omniwriter/internal/schema/validation.go:124.74,126.53 2 0
github.com/pbagtoltol/omniwriter/internal/schema/validation.go:126.53,128.3 1 0
github.com/pbagtoltol/omniwriter/internal/schema/validation.go:129.2,130.9 2 0
github.com/pbagtoltol/omniwriter/internal/schema/validation.go:130.9,132.3 1 0
github.com/pbagtoltol/omniwriter/internal/schema/validation.go:133.2,134.58 2 0
github.com/pbagtoltol/omniwriter/internal/schema/validation.go:134.58,136.3 1 0
github.com/pbagtoltol/omniwriter/internal/schema/validation.go:137.2,138.9 2 0
github.com/pbagtoltol/omniwriter/internal/schema/validation.go:138.9,140.3 1 0
github.com/pbagtoltol/omniwriter/internal/schema/validation.go:141.2,142.59 2 0
github.com/pbagtoltol/omniwriter/internal/schema/validation.go:142.59,144.3 1 0
github.com/pbagtoltol/omniwriter/internal/schema/validation.go:145.2,146.9 2 0
github.com/pbagtoltol/omniwriter/internal/schema/validation.go:146.9,148.3 1 0
github.com/pbagtoltol/omniwriter/internal/schema/validation.go:149.2,150.55 2 0
github.com/pbagtoltol/omniwriter/internal/schema/validation.go:150.55,152.3 1 0
github.com/pbagtoltol/omniwriter/internal/schema/validation.go:153.2,154.9 2 0
github.com/pbagtoltol/omniwriter/internal/schema/validation.go:154.9,156.3 1 0
github.com/pbagtoltol/omniwriter/internal/schema/validation.go:157.2,158.65 2 0
github.com/pbagtoltol/omniwriter/internal/schema/validation.go:158.65,160.3 1 0
github.com/pbagtoltol/omniwriter/internal/schema/validation.go:161.2,162.9 2 0
github.com/pbagtoltol/omniwriter/internal/schema/validation.go:162.9,164.3 1 0
github.com/pbagtoltol/omniwriter/internal/schema/validation.go:165.2,166.62 2 0
github.com/pbagtoltol/omniwriter/internal/schema/validation.go:166.62,168.3 1 0
github.com/pbagtoltol/omniwriter/internal/schema/validation.go:169.2,169.26 1 0
github.com/pbagtoltol/omniwriter/internal/schema/validation.go:169.26,171.3 1 0
github.com/pbagtoltol/omniwriter/internal/schema/validation.go:172.2,173.35 2 0
github.com/pbagtoltol/omniwriter/internal/schema/validation.go:173.35,175.10 2 0
github.com/pbagtoltol/omniwriter/internal/schema/validation.go:175.10,177.4 1 0
github.com/pbagtoltol/omniwriter/internal/schema/validation.go:178.3,179.59 2 0
github.com/pbagtoltol/omniwriter/internal/schema/validation.go:179.59,181.4 1 0
github.com/pbagtoltol/omniwriter/internal/schema/validation.go:182.3,183.10 2 0
github.com/pbagtoltol/omniwriter/internal/schema/validation.go:183.10,185.4 1 0
github.com/pbagtoltol/omniwriter/internal/schema/validation.go:186.3,187.62 2 0
github.com/pbagtoltol/omniwriter/internal/schema/validation.go:187.62,189.4 1 0
github.com/pbagtoltol/omniwriter/internal/schema/validation.go:190.3,191.10 2 0
github.com/pbagtoltol/omniwriter/internal/schema/validation.go:191.10,193.4 1 0
github.com/pbagtoltol/omniwriter/internal/schema/validation.go:194.3,195.58 2 0
github.com/pbagtoltol/omniwriter/internal/schema/validation.go:195.58,197.4 1 0
github.com/pbagtoltol/omniwriter/internal/schema/validation.go:198.3,198.46 1 0
github.com/pbagtoltol/omniwriter/internal/schema/validation.go:200.2,200.18 1 0
github.com/pbagtoltol/omniwriter/internal/schema/validation.go:203.59,205.53 2 0
github.com/pbagtoltol/omniwriter/internal/schema/validation.go:205.53,207.3 1 0
github.com/pbagtoltol/omniwriter/internal/schema/validation.go:208.2,209.9 2 0
github.com/pbagtoltol/omniwriter/internal/schema/validation.go:209.9,211.3 1 0
github.com/pbagtoltol/omniwriter/internal/schema/validation.go:212.2,213.56 2 0
github.com/pbagtoltol/omniwriter/internal/schema/validation.go:213.56,215.3 1 0
github.com/pbagtoltol/omniwriter/internal/schema/validation.go:216.2,217.9 2 0
github.com/pbagtoltol/omniwriter/internal/schema/validation.go:217.9,219.3 1 0
github.com/pbagtoltol/omniwriter/internal/schema/validation.go:220.2,221.57 2 0
github.com/pbagtoltol/omniwriter/internal/schema/validation.go:221.57,223.3 1 0
github.com/pbagtoltol/omniwriter/internal/schema/validation.go:224.2,224.29 1 0
github.com/pbagtoltol/omniwriter/internal/pipeline/transform.go:24.95,25.47 1 0
github.com/pbagtoltol/omniwriter/internal/pipeline/transform.go:25.47,27.3 1 0
github.com/pbagtoltol/omniwriter/internal/pipeline/transform.go:29.2,30.16 2 0
github.com/pbagtoltol/omniwriter/internal/pipeline/transform.go:30.16,32.3 1 0
github.com/pbagtoltol/omniwriter/internal/pipeline/transform.go:34.2,35.18 2 0
github.com/pbagtoltol/omniwriter/internal/pipeline/transform.go:35.18,37.3 1 0
github.com/pbagtoltol/omniwriter/internal/pipeline/transform.go:38.2,38.41 1 0
github.com/pbagtoltol/omniwriter/internal/pipeline/transform.go:38.41,40.3 1 0
github.com/pbagtoltol/omniwriter/internal/pipeline/transform.go:42.2,43.119 1 0
github.com/pbagtoltol/omniwriter/internal/pipeline/transform.go:43.119,45.17 2 0
github.com/pbagtoltol/omniwriter/internal/pipeline/transform.go:45.17,47.4 1 0
github.com/pbagtoltol/omniwriter/internal/pipeline/transform.go:48.3,48.48 1 0
github.com/pbagtoltol/omniwriter/internal/pipeline/transform.go:51.2,51.53 1 0
github.com/pbagtoltol/omniwriter/internal/pipeline/transform.go:51.53,53.3 1 0
github.com/pbagtoltol/omniwriter/internal/pipeline/transform.go:55.2,56.16 2 0
github.com/pbagtoltol/omniwriter/internal/pipeline/transform.go:56.16,58.3 1 0
github.com/pbagtoltol/omniwriter/internal/pipeline/transform.go:60.2,60.16 1 0
github.com/pbagtoltol/omniwriter/internal/pipeline/transform.go:61.23,62.38 1 0
github.com/pbagtoltol/omniwriter/internal/pipeline/transform.go:63.24,64.35 1 0
github.com/pbagtoltol/omniwriter/internal/pipeline/transform.go:65.23,66.38 1 0
github.com/pbagtoltol/omniwriter/internal/pipeline/transform.go:67.23,68.38 1 0
github.com/pbagtoltol/omniwriter/internal/pipeline/transform.go:69.24,70.39 1 0
github.com/pbagtoltol/omniwriter/internal/pipeline/transform.go:71.10,72.95 1 0
github.com/pbagtoltol/omniwriter/internal/pipeline/transform.go:76.92,78.16 2 0
github.com/pbagtoltol/omniwriter/internal/pipeline/transform.go:78.16,80.3 1 0
github.com/pbagtoltol/omniwriter/internal/pipeline/transform.go:81.2,82.12 2 0
github.com/pbagtoltol/omniwriter/internal/pipeline/transform.go:85.132,86.15 1 0
github.com/pbagtoltol/omniwriter/internal/pipeline/transform.go:86.15,88.3 1 0
github.com/pbagtoltol/omniwriter/internal/pipeline/transform.go:90.2,91.16 2 0
github.com/pbagtoltol/omniwriter/internal/pipeline/transform.go:91.16,93.3 1 0
github.com/pbagtoltol/omniwriter/internal/pipeline/transform.go:95.2,96.16 2 0
github.com/pbagtoltol/omniwriter/internal/pipeline/transform.go:96.16,98.3 1 0
github.com/pbagtoltol/omniwriter/internal/pipeline/transform.go:100.2,101.16 2 0
github.com/pbagtoltol/omniwriter/internal/pipeline/transform.go:101.16,103.3 1 0
github.com/pbagtoltol/omniwriter/internal/pipeline/transform.go:105.2,116.6 4 0
github.com/pbagtoltol/omniwriter/internal/pipeline/transform.go:116.6,117.10 1 0
github.com/pbagtoltol/omniwriter/internal/pipeline/transform.go:118.21,119.25 1 0
github.com/pbagtoltol/omniwriter/internal/pipeline/transform.go:120.11,120.11 0 0
github.com/pbagtoltol/omniwriter/internal/pipeline/transform.go:123.3,124.20 2 0
github.com/pbagtoltol/omniwriter/internal/pipeline/transform.go:124.20,125.9 1 0
github.com/pbagtoltol/omniwriter/internal/pipeline/transform.go:127.3,127.17 1 0
github.com/pbagtoltol/omniwriter/internal/pipeline/transform.go:127.17,129.4 1 0
github.com/pbagtoltol/omniwriter/internal/pipeline/transform.go:131.3,132.55 2 0
github.com/pbagtoltol/omniwriter/internal/pipeline/transform.go:132.55,134.4 1 0
github.com/pbagtoltol/omniwriter/internal/pipeline/transform.go:136.3,136.68 1 0
github.com/pbagtoltol/omniwriter/internal/pipeline/transform.go:136.68,138.4 1 0
github.com/pbagtoltol/omniwriter/internal/pipeline/transform.go:140.3,140.12 1 0
github.com/pbagtoltol/omniwriter/internal/pipeline/transform.go:143.2,146.8 1 0
github.com/pbagtoltol/omniwriter/internal/pipeline/transform.go:149.132,150.39 1 0
github.com/pbagtoltol/omniwriter/internal/pipeline/transform.go:150.39,152.3 1 0
github.com/pbagtoltol/omniwriter/internal/pipeline/transform.go:154.2,155.16 2 0
github.com/pbagtoltol/omniwriter/internal/pipeline/transform.go:155.16,157.3 1 0
github.com/pbagtoltol/omniwriter/internal/pipeline/transform.go:159.2,160.16 2 0
github.com/pbagtoltol/omniwriter/internal/pipeline/transform.go:160.16,162.3 1 0
github.com/pbagtoltol/omniwriter/internal/pipeline/transform.go:164.2,165.16 2 0
github.com/pbagtoltol/omniwriter/internal/pipeline/transform.go:165.16,167.3 1 0
github.com/pbagtoltol/omniwriter/internal/pipeline/transform.go:169.2,171.24 3 0
github.com/pbagtoltol/omniwriter/internal/pipeline/transform.go:171.24,173.3 1 0
github.com/pbagtoltol/omniwriter/internal/pipeline/transform.go:175.2,182.6 3 0
github.com/pbagtoltol/omniwriter/internal/pipeline/transform.go:182.6,183.10 1 0
github.com/pbagtoltol/omniwriter/internal/pipeline/transform.go:184.21,185.25 1 0
github.com/pbagtoltol/omniwriter/internal/pipeline/transform.go:186.11,186.11 0 0
github.com/pbagtoltol/omniwriter/internal/pipeline/transform.go:189.3,190.20 2 0
github.com/pbagtoltol/omniwriter/internal/pipeline/transform.go:190.20,191.9 1 0
github.com/pbagtoltol/omniwriter/internal/pipeline/transform.go:193.3,193.17 1 0
github.com/pbagtoltol/omniwriter/internal/pipeline/transform.go:193.17,195.4 1 0
github.com/pbagtoltol/omniwriter/internal/pipeline/transform.go:197.3,198.55 2 0
github.com/pbagtoltol/omniwriter/internal/pipeline/transform.go:198.55,200.4 1 0
github.com/pbagtoltol/omniwriter/internal/pipeline/transform.go:202.3,202.53 1 0
github.com/pbagtoltol/omniwriter/internal/pipeline/transform.go:202.53,204.4 1 0
github.com/pbagtoltol/omniwriter/internal/pipeline/transform.go:206.3,206.12 1 0
github.com/pbagtoltol/omniwriter/internal/pipeline/transform.go:209.2,209.39 1 0
github.com/pbagtoltol/omniwriter/internal/pipeline/transform.go:209.39,211.3 1 0
github.com/pbagtoltol/omniwriter/internal/pipeline/transform.go:213.2,216.8 1 0
github.com/pbagtoltol/omniwriter/internal/pipeline/transform.go:219.103,221.16 2 0
github.com/pbagtoltol/omniwriter/internal/pipeline/transform.go:221.16,223.3 1 0
github.com/pbagtoltol/omniwriter/internal/pipeline/transform.go:225.2,226.16 2 0
github.com/pbagtoltol/omniwriter/internal/pipeline/transform.go:226.16,228.3 1 0
github.com/pbagtoltol/omniwriter/internal/pipeline/transform.go:230.2,231.16 2 0
github.com/pbagtoltol/omniwriter/internal/pipeline/transform.go:231.16,233.3 1 0
github.com/pbagtoltol/omniwriter/internal/pipeline/transform.go:235.2,239.6 4 0
github.com/pbagtoltol/omniwriter/internal/pipeline/transform.go:239.6,240.10 1 0
github.com/pbagtoltol/omniwriter/internal/pipeline/transform.go:241.21,242.25 1 0
github.com/pbagtoltol/omniwriter/internal/pipeline/transform.go:243.11,243.11 0 0
github.com/pbagtoltol/omniwriter/internal/pipeline/transform.go:246.3,247.20 2 0
github.com/pbagtoltol/omniwriter/internal/pipeline/transform.go:247.20,248.9 1 0
github.com/pbagtoltol/omniwriter/internal/pipeline/transform.go:250.3,250.17 1 0
github.com/pbagtoltol/omniwriter/internal/pipeline/transform.go:250.17,252.4 1 0
github.com/pbagtoltol/omniwriter/internal/pipeline/transform.go:254.3,254.49 1 0
github.com/pbagtoltol/omniwriter/internal/pipeline/transform.go:254.49,256.4 1 0
github.com/pbagtoltol/omniwriter/internal/pipeline/transform.go:258.3,258.12 1 0
github.com/pbagtoltol/omniwriter/internal/pipeline/transform.go:261.2,264.8 1 0
github.com/pbagtoltol/omniwriter/internal/pipeline/transform.go:267.132,269.16 2 0
github.com/pbagtoltol/omniwriter/internal/pipeline/transform.go:269.16,271.3 1 0
github.com/pbagtoltol/omniwriter/internal/pipeline/transform.go:273.2,274.16 2 0
github.com/pbagtoltol/omniwriter/internal/pipeline/transform.go:274.16,276.3 1 0
github.com/pbagtoltol/omniwriter/internal/pipeline/transform.go:278.2,279.16 2 0
github.com/pbagtoltol/omniwriter/internal/pipeline/transform.go:279.16,281.3 1 0
github.com/pbagtoltol/omniwriter/internal/pipeline/transform.go:283.2,288.6 5 0
github.com/pbagtoltol/omniwriter/internal/pipeline/transform.go:288.6,289.10 1 0
github.com/pbagtoltol/omniwriter/internal/pipeline/transform.go:290.21,291.25 1 0
github.com/pbagtoltol/omniwriter/internal/pipeline/transform.go:292.11,292.11 0 0
github.com/pbagtoltol/omniwriter/internal/pipeline/transform.go:295.3,296.20 2 0
github.com/pbagtoltol/omniwriter/internal/pipeline/transform.go:296.20,297.9 1 0
github.com/pbagtoltol/omniwriter/internal/pipeline/transform.go:299.3,299.17 1 0
github.com/pbagtoltol/omniwriter/internal/pipeline/transform.go:299.17,301.4 1 0
github.com/pbagtoltol/omniwriter/internal/pipeline/transform.go:303.3,304.55 2 0
github.com/pbagtoltol/omniwriter/internal/pipeline/transform.go:304.55,306.4 1 0
github.com/pbagtoltol/omniwriter/internal/pipeline/transform.go:308.3,308.53 1 0
github.com/pbagtoltol/omniwriter/internal/pipeline/transform.go:308.53,310.4 1 0
github.com/pbagtoltol/omniwriter/internal/pipeline/transform.go:312.3,312.12 1 0
github.com/pbagtoltol/omniwriter/internal/pipeline/transform.go:315.2,315.39 1 0
github.com/pbagtoltol/omniwriter/internal/pipeline/transform.go:315.39,317.3 1 0
github.com/pbagtoltol/omniwriter/internal/pipeline/transform.go:319.2,322.8 1 0
github.com/pbagtoltol/omniwriter/internal/pipeline/transform.go:325.133,327.16 2 0
github.com/pbagtoltol/omniwriter/internal/pipeline/transform.go:327.16,329.3 1 0
github.com/pbagtoltol/omniwriter/internal/pipeline/transform.go:331.2,332.16 2 0
github.com/pbagtoltol/omniwriter/internal/pipeline/transform.go:332.16,334.3 1 0
github.com/pbagtoltol/omniwriter/internal/pipeline/transform.go:336.2,337.16 2 0
github.com/pbagtoltol/omniwriter/internal/pipeline/transform.go:337.16,339.3 1 0
github.com/pbagtoltol/omniwriter/internal/pipeline/transform.go:341.2,346.6 5 0
github.com/pbagtoltol/omniwriter/internal/pipeline/transform.go:346.6,347.10 1 0
github.com/pbagtoltol/omniwriter/internal/pipeline/transform.go:348.21,349.25 1 0
github.com/pbagtoltol/omniwriter/internal/pipeline/transform.go:350.11,350.11 0 0
github.com/pbagtoltol/omniwriter/internal/pipeline/transform.go:353.3,354.20 2 0
github.com/pbagtoltol/omniwriter/internal/pipeline/transform.go:354.20,355.9 1 0
github.com/pbagtoltol/omniwriter/internal/pipeline/transform.go:357.3,357.17 1 0
github.com/pbagtoltol/omniwriter/internal/pipeline/transform.go:357.17,359.4 1 0
github.com/pbagtoltol/omniwriter/internal/pipeline/transform.go:361.3,362.55 2 0
github.com/pbagtoltol/omniwriter/internal/pipeline/transform.go:362.55,364.4 1 0
github.com/pbagtoltol/omniwriter/internal/pipeline/transform.go:366.3,366.53 1 0
github.com/pbagtoltol/omniwriter/internal/pipeline/transform.go:366.53,368.4 1 0
github.com/pbagtoltol/omniwriter/internal/pipeline/transform.go:370.3,370.12 1 0
github.com/pbagtoltol/omniwriter/internal/pipeline/transform.go:373.2,373.39 1 0
github.com/pbagtoltol/omniwriter/internal/pipeline/transform.go:373.39,375.3 1 0
github.com/pbagtoltol/omniwriter/internal/pipeline/transform.go:377.2,380.8 1 0
github.com/pbagtoltol/omniwriter/internal/emit/edi/emitter.go:18.29,24.2 1 0
github.com/pbagtoltol/omniwriter/internal/emit/edi/emitter.go:28.93,30.32 2 7
github.com/pbagtoltol/omniwriter/internal/emit/edi/emitter.go:30.32,32.3 1 0
github.com/pbagtoltol/omniwriter/internal/emit/edi/emitter.go:33.2,33.32 1 7
github.com/pbagtoltol/omniwriter/internal/emit/edi/emitter.go:33.32,35.3 1 0
github.com/pbagtoltol/omniwriter/internal/emit/edi/emitter.go:36.2,36.34 1 7
github.com/pbagtoltol/omniwriter/internal/emit/edi/emitter.go:36.34,38.3 1 0
github.com/pbagtoltol/omniwriter/internal/emit/edi/emitter.go:39.2,39.35 1 7
github.com/pbagtoltol/omniwriter/internal/emit/edi/emitter.go:39.35,41.3 1 6
github.com/pbagtoltol/omniwriter/internal/emit/edi/emitter.go:43.2,44.27 2 7
github.com/pbagtoltol/omniwriter/internal/emit/edi/emitter.go:44.27,46.3 1 0
github.com/pbagtoltol/omniwriter/internal/emit/edi/emitter.go:48.2,48.30 1 7
github.com/pbagtoltol/omniwriter/internal/emit/edi/emitter.go:48.30,50.10 2 8
github.com/pbagtoltol/omniwriter/internal/emit/edi/emitter.go:50.10,52.4 1 0
github.com/pbagtoltol/omniwriter/internal/emit/edi/emitter.go:54.3,55.20 2 8
github.com/pbagtoltol/omniwriter/internal/emit/edi/emitter.go:55.20,57.4 1 0
github.com/pbagtoltol/omniwriter/internal/emit/edi/emitter.go:59.3,63.30 4 8
github.com/pbagtoltol/omniwriter/internal/emit/edi/emitter.go:63.30,66.4 2 14
github.com/pbagtoltol/omniwriter/internal/emit/edi/emitter.go:68.3,68.40 1 8
github.com/pbagtoltol/omniwriter/internal/emit/edi/emitter.go:71.2,71.12 1 7
github.com/pbagtoltol/omniwriter/internal/emit/edi/emitter.go:79.90,80.23 1 27
github.com/pbagtoltol/omniwriter/internal/emit/edi/emitter.go:81.21,83.17 1 5
github.com/pbagtoltol/omniwriter/internal/emit/edi/emitter.go:83.17,84.51 1 5
github.com/pbagtoltol/omniwriter/internal/emit/edi/emitter.go:84.51,87.27 2 1
github.com/pbagtoltol/omniwriter/internal/emit/edi/emitter.go:87.27,89.6 1 2
github.com/pbagtoltol/omniwriter/internal/emit/edi/emitter.go:90.5,90.47 1 1
github.com/pbagtoltol/omniwriter/internal/emit/edi/emitter.go:94.3,95.25 2 4
github.com/pbagtoltol/omniwriter/internal/emit/edi/emitter.go:95.25,97.4 1 11
github.com/pbagtoltol/omniwriter/internal/emit/edi/emitter.go:98.3,98.40 1 4
github.com/pbagtoltol/omniwriter/internal/emit/edi/emitter.go:99.10,101.39 2 22
github.com/pbagtoltol/omniwriter/internal/emit/edi/emitter.go:106.38,107.23 1 30
github.com/pbagtoltol/omniwriter/internal/emit/edi/emitter.go:108.11,109.12 1 0
github.com/pbagtoltol/omniwriter/internal/emit/edi/emitter.go:110.14,111.11 1 30
github.com/pbagtoltol/omniwriter/internal/emit/edi/emitter.go:112.15,113.30 1 0
github.com/pbagtoltol/omniwriter/internal/emit/edi/emitter.go:114.12,115.8 1 0
github.com/pbagtoltol/omniwriter/internal/emit/edi/emitter.go:115.8,117.4 1 0
github.com/pbagtoltol/omniwriter/internal/emit/edi/emitter.go:118.3,118.17 1 0
github.com/pbagtoltol/omniwriter/internal/emit/edi/emitter.go:119.10,120.30 1 0
github.com/pbagtoltol/omniwriter/internal/emit/edi/emitter.go:126.55,127.17 1 30
github.com/pbagtoltol/omniwriter/internal/emit/edi/emitter.go:127.17,129.3 1 26
github.com/pbagtoltol/omniwriter/internal/emit/edi/emitter.go:130.2,132.10 3 4
