mode: atomic
github.com/pbagtoltol/omniwriter/internal/emit/json/emitter.go:13.29,15.2 1 3
github.com/pbagtoltol/omniwriter/internal/emit/json/emitter.go:23.52,25.2 1 3
github.com/pbagtoltol/omniwriter/internal/emit/json/emitter.go:29.54,30.48 1 4
github.com/pbagtoltol/omniwriter/internal/emit/json/emitter.go:30.48,32.3 1 0
github.com/pbagtoltol/omniwriter/internal/emit/json/emitter.go:33.2,33.51 1 4
github.com/pbagtoltol/omniwriter/internal/emit/json/emitter.go:33.51,35.3 1 0
github.com/pbagtoltol/omniwriter/internal/emit/json/emitter.go:36.2,36.12 1 4
github.com/pbagtoltol/omniwriter/internal/emit/text/emitter.go:20.29,27.2 1 1
github.com/pbagtoltol/omniwriter/internal/emit/text/emitter.go:37.52,43.2 1 4
github.com/pbagtoltol/omniwriter/internal/emit/text/emitter.go:46.68,47.14 1 5
github.com/pbagtoltol/omniwriter/internal/emit/text/emitter.go:47.14,48.70 1 1
github.com/pbagtoltol/omniwriter/internal/emit/text/emitter.go:48.70,50.4 1 0
github.com/pbagtoltol/omniwriter/internal/emit/text/emitter.go:52.2,54.29 2 5
github.com/pbagtoltol/omniwriter/internal/emit/text/emitter.go:54.29,57.3 1 1
github.com/pbagtoltol/omniwriter/internal/emit/text/emitter.go:60.2,61.34 2 4
github.com/pbagtoltol/omniwriter/internal/emit/text/emitter.go:61.34,63.27 2 5
github.com/pbagtoltol/omniwriter/internal/emit/text/emitter.go:63.27,65.4 1 1
github.com/pbagtoltol/omniwriter/internal/emit/text/emitter.go:65.9,67.4 1 4
github.com/pbagtoltol/omniwriter/internal/emit/text/emitter.go:68.3,68.33 1 5
github.com/pbagtoltol/omniwriter/internal/emit/text/emitter.go:71.2,72.12 2 4
github.com/pbagtoltol/omniwriter/internal/emit/text/emitter.go:76.32,78.2 1 4
github.com/pbagtoltol/omniwriter/internal/emit/text/emitter.go:81.71,85.34 2 1
github.com/pbagtoltol/omniwriter/internal/emit/text/emitter.go:85.34,88.3 2 2
github.com/pbagtoltol/omniwriter/internal/emit/text/emitter.go:89.2,90.12 2 1
github.com/pbagtoltol/omniwriter/internal/emit/text/emitter.go:94.40,95.25 1 7
github.com/pbagtoltol/omniwriter/internal/emit/text/emitter.go:96.14,97.13 1 7
github.com/pbagtoltol/omniwriter/internal/emit/text/emitter.go:98.45,101.19 2 0
github.com/pbagtoltol/omniwriter/internal/emit/text/emitter.go:102.10,103.32 1 0
github.com/pbagtoltol/omniwriter/internal/emit/xml/emitter.go:17.29,24.2 1 2
github.com/pbagtoltol/omniwriter/internal/emit/xml/emitter.go:34.52,45.27 4 3
github.com/pbagtoltol/omniwriter/internal/emit/xml/emitter.go:45.27,47.3 1 2
github.com/pbagtoltol/omniwriter/internal/emit/xml/emitter.go:49.2,49.15 1 3
github.com/pbagtoltol/omniwriter/internal/emit/xml/emitter.go:54.68,58.2 2 3
github.com/pbagtoltol/omniwriter/internal/emit/xml/emitter.go:61.32,63.2 1 3
github.com/pbagtoltol/omniwriter/internal/emit/xml/emitter.go:66.65,67.26 1 10
github.com/pbagtoltol/omniwriter/internal/emit/xml/emitter.go:68.30,81.29 3 3
github.com/pbagtoltol/omniwriter/internal/emit/xml/emitter.go:81.29,84.4 2 4
github.com/pbagtoltol/omniwriter/internal/emit/xml/emitter.go:86.3,86.14 1 3
github.com/pbagtoltol/omniwriter/internal/emit/xml/emitter.go:87.21,98.26 3 1
github.com/pbagtoltol/omniwriter/internal/emit/xml/emitter.go:98.26,101.4 2 3
github.com/pbagtoltol/omniwriter/internal/emit/xml/emitter.go:103.3,103.13 1 1
github.com/pbagtoltol/omniwriter/internal/emit/xml/emitter.go:104.10,114.4 2 6
github.com/pbagtoltol/omniwriter/internal/emit/edi/emitter.go:16.29,22.2 1 0
github.com/pbagtoltol/omniwriter/internal/emit/edi/emitter.go:26.93,28.32 2 4
github.com/pbagtoltol/omniwriter/internal/emit/edi/emitter.go:28.32,30.3 1 0
github.com/pbagtoltol/omniwriter/internal/emit/edi/emitter.go:31.2,31.32 1 4
github.com/pbagtoltol/omniwriter/internal/emit/edi/emitter.go:31.32,33.3 1 0
github.com/pbagtoltol/omniwriter/internal/emit/edi/emitter.go:34.2,34.34 1 4
github.com/pbagtoltol/omniwriter/internal/emit/edi/emitter.go:34.34,36.3 1 0
github.com/pbagtoltol/omniwriter/internal/emit/edi/emitter.go:38.2,39.27 2 4
github.com/pbagtoltol/omniwriter/internal/emit/edi/emitter.go:39.27,41.3 1 0
github.com/pbagtoltol/omniwriter/internal/emit/edi/emitter.go:43.2,43.30 1 4
github.com/pbagtoltol/omniwriter/internal/emit/edi/emitter.go:43.30,45.10 2 5
github.com/pbagtoltol/omniwriter/internal/emit/edi/emitter.go:45.10,47.4 1 0
github.com/pbagtoltol/omniwriter/internal/emit/edi/emitter.go:49.3,50.20 2 5
github.com/pbagtoltol/omniwriter/internal/emit/edi/emitter.go:50.20,52.4 1 0
github.com/pbagtoltol/omniwriter/internal/emit/edi/emitter.go:54.3,57.30 3 5
github.com/pbagtoltol/omniwriter/internal/emit/edi/emitter.go:57.30,60.4 2 8
github.com/pbagtoltol/omniwriter/internal/emit/edi/emitter.go:62.3,62.40 1 5
github.com/pbagtoltol/omniwriter/internal/emit/edi/emitter.go:65.2,65.12 1 4
github.com/pbagtoltol/omniwriter/internal/emit/edi/emitter.go:69.63,70.23 1 15
github.com/pbagtoltol/omniwriter/internal/emit/edi/emitter.go:71.21,73.25 2 2
github.com/pbagtoltol/omniwriter/internal/emit/edi/emitter.go:73.25,75.4 1 7
github.com/pbagtoltol/omniwriter/internal/emit/edi/emitter.go:76.3,76.40 1 2
github.com/pbagtoltol/omniwriter/internal/emit/edi/emitter.go:77.10,78.22 1 13
github.com/pbagtoltol/omniwriter/internal/emit/edi/emitter.go:83.38,84.23 1 18
github.com/pbagtoltol/omniwriter/internal/emit/edi/emitter.go:85.11,86.12 1 0
github.com/pbagtoltol/omniwriter/internal/emit/edi/emitter.go:87.14,88.11 1 18
github.com/pbagtoltol/omniwriter/internal/emit/edi/emitter.go:89.15,90.30 1 0
github.com/pbagtoltol/omniwriter/internal/emit/edi/emitter.go:91.12,92.8 1 0
github.com/pbagtoltol/omniwriter/internal/emit/edi/emitter.go:92.8,94.4 1 0
github.com/pbagtoltol/omniwriter/internal/emit/edi/emitter.go:95.3,95.17 1 0
github.com/pbagtoltol/omniwriter/internal/emit/edi/emitter.go:96.10,97.30 1 0
github.com/pbagtoltol/omniwriter/internal/emit/csv/emitter.go:19.29,23.2 1 0
github.com/pbagtoltol/omniwriter/internal/emit/csv/emitter.go:32.52,34.27 2 3
github.com/pbagtoltol/omniwriter/internal/emit/csv/emitter.go:34.27,36.3 1 3
github.com/pbagtoltol/omniwriter/internal/emit/csv/emitter.go:37.2,40.3 1 3
github.com/pbagtoltol/omniwriter/internal/emit/csv/emitter.go:44.68,46.32 2 3
github.com/pbagtoltol/omniwriter/internal/emit/csv/emitter.go:46.32,47.21 1 5
github.com/pbagtoltol/omniwriter/internal/emit/csv/emitter.go:47.21,49.4 1 5
github.com/pbagtoltol/omniwriter/internal/emit/csv/emitter.go:49.9,51.4 1 0
github.com/pbagtoltol/omniwriter/internal/emit/csv/emitter.go:53.2,53.23 1 3
github.com/pbagtoltol/omniwriter/internal/emit/csv/emitter.go:57.32,60.2 2 3
github.com/pbagtoltol/omniwriter/internal/emit/csv/emitter.go:63.71,66.26 3 5
github.com/pbagtoltol/omniwriter/internal/emit/csv/emitter.go:66.26,68.10 2 5
github.com/pbagtoltol/omniwriter/internal/emit/csv/emitter.go:68.10,70.4 1 0
github.com/pbagtoltol/omniwriter/internal/emit/csv/emitter.go:71.3,71.13 1 5
github.com/pbagtoltol/omniwriter/internal/emit/csv/emitter.go:73.2,73.12 1 5
github.com/pbagtoltol/omniwriter/internal/emit/csv/emitter.go:77.38,78.23 1 5
github.com/pbagtoltol/omniwriter/internal/emit/csv/emitter.go:79.11,80.12 1 0
github.com/pbagtoltol/omniwriter/internal/emit/csv/emitter.go:81.14,82.11 1 5
github.com/pbagtoltol/omniwriter/internal/emit/csv/emitter.go:83.15,84.24 1 0
github.com/pbagtoltol/omniwriter/internal/emit/csv/emitter.go:85.12,86.8 1 0
github.com/pbagtoltol/omniwriter/internal/emit/csv/emitter.go:86.8,88.4 1 0
github.com/pbagtoltol/omniwriter/internal/emit/csv/emitter.go:89.3,89.17 1 0
github.com/pbagtoltol/omniwriter/internal/emit/csv/emitter.go:90.10,91.12 1 0
github.com/pbagtoltol/omniwriter/internal/emit/csv/emitter.go:96.36,98.2 1 0
github.com/pbagtoltol/omniwriter/examples/flatfile_to_edi/main.go:12.13,16.16 3 0
github.com/pbagtoltol/omniwriter/examples/flatfile_to_edi/main.go:16.16,19.3 2 0
github.com/pbagtoltol/omniwriter/examples/flatfile_to_edi/main.go:21.2,22.16 2 0
github.com/pbagtoltol/omniwriter/examples/flatfile_to_edi/main.go:22.16,25.3 2 0
github.com/pbagtoltol/omniwriter/examples/flatfile_to_edi/main.go:26.2,40.16 7 0
github.com/pbagtoltol/omniwriter/examples/flatfile_to_edi/main.go:40.16,43.3 2 0
github.com/pbagtoltol/omniwriter/examples/flatfile_to_edi/main.go:45.2,49.55 5 0
github.com/pbagtoltol/omniwriter/internal/pipeline/transform.go:24.95,25.47 1 0
github.com/pbagtoltol/omniwriter/internal/pipeline/transform.go:25.47,27.3 1 0
github.com/pbagtoltol/omniwriter/internal/pipeline/transform.go:29.2,30.16 2 0
github.com/pbagtoltol/omniwriter/internal/pipeline/transform.go:30.16,32.3 1 0
github.com/pbagtoltol/omniwriter/internal/pipeline/transform.go:34.2,35.18 2 0
github.com/pbagtoltol/omniwriter/internal/pipeline/transform.go:35.18,37.3 1 0
github.com/pbagtoltol/omniwriter/internal/pipeline/transform.go:38.2,38.41 1 0
github.com/pbagtoltol/omniwriter/internal/pipeline/transform.go:38.41,40.3 1 0
github.com/pbagtoltol/omniwriter/internal/pipeline/transform.go:42.2,43.119 1 0
github.com/pbagtoltol/omniwriter/internal/pipeline/transform.go:43.119,45.17 2 0
github.com/pbagtoltol/omniwriter/internal/pipeline/transform.go:45.17,47.4 1 0
github.com/pbagtoltol/omniwriter/internal/pipeline/transform.go:48.3,48.48 1 0
github.com/pbagtoltol/omniwriter/internal/pipeline/transform.go:51.2,51.53 1 0
github.com/pbagtoltol/omniwriter/internal/pipeline/transform.go:51.53,53.3 1 0
github.com/pbagtoltol/omniwriter/internal/pipeline/transform.go:55.2,56.16 2 0
github.com/pbagtoltol/omniwriter/internal/pipeline/transform.go:56.16,58.3 1 0
github.com/pbagtoltol/omniwriter/internal/pipeline/transform.go:60.2,60.16 1 0
github.com/pbagtoltol/omniwriter/internal/pipeline/transform.go:61.23,62.38 1 0
github.com/pbagtoltol/omniwriter/internal/pipeline/transform.go:63.24,64.35 1 0
github.com/pbagtoltol/omniwriter/internal/pipeline/transform.go:65.23,66.38 1 0
github.com/pbagtoltol/omniwriter/internal/pipeline/transform.go:67.23,68.38 1 0
github.com/pbagtoltol/omniwriter/internal/pipeline/transform.go:69.24,70.39 1 0
github.com/pbagtoltol/omniwriter/internal/pipeline/transform.go:71.10,72.95 1 0
github.com/pbagtoltol/omniwriter/internal/pipeline/transform.go:76.92,78.16 2 0
github.com/pbagtoltol/omniwriter/internal/pipeline/transform.go:78.16,80.3 1 0
github.com/pbagtoltol/omniwriter/internal/pipeline/transform.go:81.2,82.12 2 0
github.com/pbagtoltol/omniwriter/internal/pipeline/transform.go:85.132,86.15 1 0
github.com/pbagtoltol/omniwriter/internal/pipeline/transform.go:86.15,88.3 1 0
github.com/pbagtoltol/omniwriter/internal/pipeline/transform.go:90.2,91.16 2 0
github.com/pbagtoltol/omniwriter/internal/pipeline/transform.go:91.16,93.3 1 0
github.com/pbagtoltol/omniwriter/internal/pipeline/transform.go:95.2,96.16 2 0
github.com/pbagtoltol/omniwriter/internal/pipeline/transform.go:96.16,98.3 1 0
github.com/pbagtoltol/omniwriter/internal/pipeline/transform.go:100.2,101.16 2 0
github.com/pbagtoltol/omniwriter/internal/pipeline/transform.go:101.16,103.3 1 0
github.com/pbagtoltol/omniwriter/internal/pipeline/transform.go:105.2,114.6 4 0
github.com/pbagtoltol/omniwriter/internal/pipeline/transform.go:114.6,115.10 1 0
github.com/pbagtoltol/omniwriter/internal/pipeline/transform.go:116.21,117.25 1 0
github.com/pbagtoltol/omniwriter/internal/pipeline/transform.go:118.11,118.11 0 0
github.com/pbagtoltol/omniwriter/internal/pipeline/transform.go:121.3,122.20 2 0
github.com/pbagtoltol/omniwriter/internal/pipeline/transform.go:122.20,123.9 1 0
github.com/pbagtoltol/omniwriter/internal/pipeline/transform.go:125.3,125.17 1 0
github.com/pbagtoltol/omniwriter/internal/pipeline/transform.go:125.17,127.4 1 0
github.com/pbagtoltol/omniwriter/internal/pipeline/transform.go:129.3,130.55 2 0
github.com/pbagtoltol/omniwriter/internal/pipeline/transform.go:130.55,132.4 1 0
github.com/pbagtoltol/omniwriter/internal/pipeline/transform.go:134.3,134.68 1 0
github.com/pbagtoltol/omniwriter/internal/pipeline/transform.go:134.68,136.4 1 0
github.com/pbagtoltol/omniwriter/internal/pipeline/transform.go:138.3,138.12 1 0
github.com/pbagtoltol/omniwriter/internal/pipeline/transform.go:141.2,144.8 1 0
github.com/pbagtoltol/omniwriter/internal/pipeline/transform.go:147.132,148.39 1 0
github.com/pbagtoltol/omniwriter/internal/pipeline/transform.go:148.39,150.3 1 0
github.com/pbagtoltol/omniwriter/internal/pipeline/transform.go:152.2,153.16 2 0
github.com/pbagtoltol/omniwriter/internal/pipeline/transform.go:153.16,155.3 1 0
github.com/pbagtoltol/omniwriter/internal/pipeline/transform.go:157.2,158.16 2 0
github.com/pbagtoltol/omniwriter/internal/pipeline/transform.go:158.16,160.3 1 0
github.com/pbagtoltol/omniwriter/internal/pipeline/transform.go:162.2,163.16 2 0
github.com/pbagtoltol/omniwriter/internal/pipeline/transform.go:163.16,165.3 1 0
github.com/pbagtoltol/omniwriter/internal/pipeline/transform.go:167.2,169.24 3 0
github.com/pbagtoltol/omniwriter/internal/pipeline/transform.go:169.24,171.3 1 0
github.com/pbagtoltol/omniwriter/internal/pipeline/transform.go:173.2,180.6 3 0
github.com/pbagtoltol/omniwriter/internal/pipeline/transform.go:180.6,181.10 1 0
github.com/pbagtoltol/omniwriter/internal/pipeline/transform.go:182.21,183.25 1 0
github.com/pbagtoltol/omniwriter/internal/pipeline/transform.go:184.11,184.11 0 0
github.com/pbagtoltol/omniwriter/internal/pipeline/transform.go:187.3,188.20 2 0
github.com/pbagtoltol/omniwriter/internal/pipeline/transform.go:188.20,189.9 1 0
github.com/pbagtoltol/omniwriter/internal/pipeline/transform.go:191.3,191.17 1 0
github.com/pbagtoltol/omniwriter/internal/pipeline/transform.go:191.17,193.4 1 0
github.com/pbagtoltol/omniwriter/internal/pipeline/transform.go:195.3,196.55 2 0
github.com/pbagtoltol/omniwriter/internal/pipeline/transform.go:196.55,198.4 1 0
github.com/pbagtoltol/omniwriter/internal/pipeline/transform.go:200.3,200.53 1 0
github.com/pbagtoltol/omniwriter/internal/pipeline/transform.go:200.53,202.4 1 0
github.com/pbagtoltol/omniwriter/internal/pipeline/transform.go:204.3,204.12 1 0
github.com/pbagtoltol/omniwriter/internal/pipeline/transform.go:207.2,207.39 1 0
github.com/pbagtoltol/omniwriter/internal/pipeline/transform.go:207.39,209.3 1 0
github.com/pbagtoltol/omniwriter/internal/pipeline/transform.go:211.2,214.8 1 0
github.com/pbagtoltol/omniwriter/internal/pipeline/transform.go:217.103,219.16 2 0
github.com/pbagtoltol/omniwriter/internal/pipeline/transform.go:219.16,221.3 1 0
github.com/pbagtoltol/omniwriter/internal/pipeline/transform.go:223.2,224.16 2 0
github.com/pbagtoltol/omniwriter/internal/pipeline/transform.go:224.16,226.3 1 0
github.com/pbagtoltol/omniwriter/internal/pipeline/transform.go:228.2,229.16 2 0
github.com/pbagtoltol/omniwriter/internal/pipeline/transform.go:229.16,231.3 1 0
github.com/pbagtoltol/omniwriter/internal/pipeline/transform.go:233.2,237.6 4 0
github.com/pbagtoltol/omniwriter/internal/pipeline/transform.go:237.6,238.10 1 0
github.com/pbagtoltol/omniwriter/internal/pipeline/transform.go:239.21,240.25 1 0
github.com/pbagtoltol/omniwriter/internal/pipeline/transform.go:241.11,241.11 0 0
github.com/pbagtoltol/omniwriter/internal/pipeline/transform.go:244.3,245.20 2 0
github.com/pbagtoltol/omniwriter/internal/pipeline/transform.go:245.20,246.9 1 0
github.com/pbagtoltol/omniwriter/internal/pipeline/transform.go:248.3,248.17 1 0
github.com/pbagtoltol/omniwriter/internal/pipeline/transform.go:248.17,250.4 1 0
github.com/pbagtoltol/omniwriter/internal/pipeline/transform.go:252.3,252.49 1 0
github.com/pbagtoltol/omniwriter/internal/pipeline/transform.go:252.49,254.4 1 0
github.com/pbagtoltol/omniwriter/internal/pipeline/transform.go:256.3,256.12 1 0
github.com/pbagtoltol/omniwriter/internal/pipeline/transform.go:259.2,262.8 1 0
github.com/pbagtoltol/omniwriter/internal/pipeline/transform.go:265.132,267.16 2 0
github.com/pbagtoltol/omniwriter/internal/pipeline/transform.go:267.16,269.3 1 0
github.com/pbagtoltol/omniwriter/internal/pipeline/transform.go:271.2,272.16 2 0
github.com/pbagtoltol/omniwriter/internal/pipeline/transform.go:272.16,274.3 1 0
github.com/pbagtoltol/omniwriter/internal/pipeline/transform.go:276.2,277.16 2 0
github.com/pbagtoltol/omniwriter/internal/pipeline/transform.go:277.16,279.3 1 0
github.com/pbagtoltol/omniwriter/internal/pipeline/transform.go:281.2,286.6 5 0
github.com/pbagtoltol/omniwriter/internal/pipeline/transform.go:286.6,287.10 1 0
github.com/pbagtoltol/omniwriter/internal/pipeline/transform.go:288.21,289.25 1 0
github.com/pbagtoltol/omniwriter/internal/pipeline/transform.go:290.11,290.11 0 0
github.com/pbagtoltol/omniwriter/internal/pipeline/transform.go:293.3,294.20 2 0
github.com/pbagtoltol/omniwriter/internal/pipeline/transform.go:294.20,295.9 1 0
github.com/pbagtoltol/omniwriter/internal/pipeline/transform.go:297.3,297.17 1 0
github.com/pbagtoltol/omniwriter/internal/pipeline/transform.go:297.17,299.4 1 0
github.com/pbagtoltol/omniwriter/internal/pipeline/transform.go:301.3,302.55 2 0
github.com/pbagtoltol/omniwriter/internal/pipeline/transform.go:302.55,304.4 1 0
github.com/pbagtoltol/omniwriter/internal/pipeline/transform.go:306.3,306.53 1 0
github.com/pbagtoltol/omniwriter/internal/pipeline/transform.go:306.53,308.4 1 0
github.com/pbagtoltol/omniwriter/internal/pipeline/transform.go:310.3,310.12 1 0
github.com/pbagtoltol/omniwriter/internal/pipeline/transform.go:313.2,313.39 1 0
github.com/pbagtoltol/omniwriter/internal/pipeline/transform.go:313.39,315.3 1 0
github.com/pbagtoltol/omniwriter/internal/pipeline/transform.go:317.2,320.8 1 0
github.com/pbagtoltol/omniwriter/internal/pipeline/transform.go:323.133,325.16 2 0
github.com/pbagtoltol/omniwriter/internal/pipeline/transform.go:325.16,327.3 1 0
github.com/pbagtoltol/omniwriter/internal/pipeline/transform.go:329.2,330.16 2 0
github.com/pbagtoltol/omniwriter/internal/pipeline/transform.go:330.16,332.3 1 0
github.com/pbagtoltol/omniwriter/internal/pipeline/transform.go:334.2,335.16 2 0
github.com/pbagtoltol/omniwriter/internal/pipeline/transform.go:335.16,337.3 1 0
github.com/pbagtoltol/omniwriter/internal/pipeline/transform.go:339.2,344.6 5 0
github.com/pbagtoltol/omniwriter/internal/pipeline/transform.go:344.6,345.10 1 0
github.com/pbagtoltol/omniwriter/internal/pipeline/transform.go:346.21,347.25 1 0
github.com/pbagtoltol/omniwriter/internal/pipeline/transform.go:348.11,348.11 0 0
github.com/pbagtoltol/omniwriter/internal/pipeline/transform.go:351.3,352.20 2 0
github.com/pbagtoltol/omniwriter/internal/pipeline/transform.go:352.20,353.9 1 0
github.com/pbagtoltol/omniwriter/internal/pipeline/transform.go:355.3,355.17 1 0
github.com/pbagtoltol/omniwriter/internal/pipeline/transform.go:355.17,357.4 1 0
github.com/pbagtoltol/omniwriter/internal/pipeline/transform.go:359.3,360.55 2 0
github.com/pbagtoltol/omniwriter/internal/pipeline/transform.go:360.55,362.4 1 0
github.com/pbagtoltol/omniwriter/internal/pipeline/transform.go:364.3,364.53 1 0
github.com/pbagtoltol/omniwriter/internal/pipeline/transform.go:364.53,366.4 1 0
github.com/pbagtoltol/omniwriter/internal/pipeline/transform.go:368.3,368.12 1 0
github.com/pbagtoltol/omniwriter/internal/pipeline/transform.go:371.2,371.39 1 0
github.com/pbagtoltol/omniwriter/internal/pipeline/transform.go:371.39,373.3 1 0
github.com/pbagtoltol/omniwriter/internal/pipeline/transform.go:375.2,378.8 1 0
github.com/pbagtoltol/omniwriter/pkg/omniwriter/transform.go:10.85,12.2 1 0
github.com/pbagtoltol/omniwriter/pkg/omniwriter/transform.go:14.88,16.2 1 0
github.com/pbagtoltol/omniwriter/internal/schema/validation.go:10.41,12.16 2 0
github.com/pbagtoltol/omniwriter/internal/schema/validation.go:12.16,14.3 1 0
github.com/pbagtoltol/omniwriter/internal/schema/validation.go:15.2,16.16 2 0
github.com/pbagtoltol/omniwriter/internal/schema/validation.go:16.16,18.3 1 0
github.com/pbagtoltol/omniwriter/internal/schema/validation.go:19.2,19.57 1 0
github.com/pbagtoltol/omniwriter/internal/schema/validation.go:19.57,21.3 1 0
github.com/pbagtoltol/omniwriter/internal/schema/validation.go:23.2,23.27 1 0
github.com/pbagtoltol/omniwriter/internal/schema/validation.go:24.13,25.16 1 0
github.com/pbagtoltol/omniwriter/internal/schema/validation.go:25.16,27.4 1 0
github.com/pbagtoltol/omniwriter/internal/schema/validation.go:28.3,29.17 2 0
github.com/pbagtoltol/omniwriter/internal/schema/validation.go:29.17,31.4 1 0
github.com/pbagtoltol/omniwriter/internal/schema/validation.go:32.3,32.28 1 0
github.com/pbagtoltol/omniwriter/internal/schema/validation.go:32.28,33.22 1 0
github.com/pbagtoltol/omniwriter/internal/schema/validation.go:33.22,35.5 1 0
github.com/pbagtoltol/omniwriter/internal/schema/validation.go:37.3,37.13 1 0
github.com/pbagtoltol/omniwriter/internal/schema/validation.go:38.13,40.17 2 0
github.com/pbagtoltol/omniwriter/internal/schema/validation.go:40.17,42.4 1 0
github.com/pbagtoltol/omniwriter/internal/schema/validation.go:43.3,43.15 1 0
github.com/pbagtoltol/omniwriter/internal/schema/validation.go:43.15,45.4 1 0
github.com/pbagtoltol/omniwriter/internal/schema/validation.go:46.3,46.44 1 0
github.com/pbagtoltol/omniwriter/internal/schema/validation.go:46.44,48.4 1 0
github.com/pbagtoltol/omniwriter/internal/schema/validation.go:49.3,49.13 1 0
github.com/pbagtoltol/omniwriter/internal/schema/validation.go:50.39,51.13 1 0
github.com/pbagtoltol/omniwriter/internal/schema/validation.go:52.10,53.41 1 0
github.com/pbagtoltol/omniwriter/internal/schema/validation.go:58.66,60.53 2 0
github.com/pbagtoltol/omniwriter/internal/schema/validation.go:60.53,62.3 1 0
github.com/pbagtoltol/omniwriter/internal/schema/validation.go:63.2,64.9 2 0
github.com/pbagtoltol/omniwriter/internal/schema/validation.go:64.9,66.3 1 0
github.com/pbagtoltol/omniwriter/internal/schema/validation.go:67.2,68.47 2 0
github.com/pbagtoltol/omniwriter/internal/schema/validation.go:68.47,70.3 1 0
github.com/pbagtoltol/omniwriter/internal/schema/validation.go:71.2,71.29 1 0
github.com/pbagtoltol/omniwriter/internal/schema/validation.go:71.29,73.3 1 0
github.com/pbagtoltol/omniwriter/internal/schema/validation.go:74.2,74.17 1 0
github.com/pbagtoltol/omniwriter/internal/schema/validation.go:78.72,80.53 2 0
github.com/pbagtoltol/omniwriter/internal/schema/validation.go:80.53,82.3 1 0
github.com/pbagtoltol/omniwriter/internal/schema/validation.go:83.2,84.9 2 0
github.com/pbagtoltol/omniwriter/internal/schema/validation.go:84.9,86.3 1 0
github.com/pbagtoltol/omniwriter/internal/schema/validation.go:87.2,88.47 2 0
github.com/pbagtoltol/omniwriter/internal/schema/validation.go:88.47,90.3 1 0
github.com/pbagtoltol/omniwriter/internal/schema/validation.go:91.2,91.17 1 0
github.com/pbagtoltol/omniwriter/internal/schema/validation.go:95.55,97.53 2 0
github.com/pbagtoltol/omniwriter/internal/schema/validation.go:97.53,99.3 1 0
github.com/pbagtoltol/omniwriter/internal/schema/validation.go:100.2,102.26 3 0
github.com/pbagtoltol/omniwriter/internal/schema/validation.go:105.47,107.53 2 0
github.com/pbagtoltol/omniwriter/internal/schema/validation.go:107.53,109.3 1 0
github.com/pbagtoltol/omniwriter/internal/schema/validation.go:110.2,111.9 2 0
github.com/pbagtoltol/omniwriter/internal/schema/validation.go:111.9,113.3 1 0
github.com/pbagtoltol/omniwriter/internal/schema/validation.go:114.2,115.58 2 0
github.com/pbagtoltol/omniwriter/internal/schema/validation.go:115.58,117.3 1 0
github.com/pbagtoltol/omniwriter/internal/schema/validation.go:118.2,118.41 1 0
github.com/pbagtoltol/omniwriter/internal/schema/validation.go:118.41,120.3 1 0
github.com/pbagtoltol/omniwriter/internal/schema/validation.go:121.2,121.12 1 0
github.com/pbagtoltol/omniwriter/internal/schema/validation.go:124.74,126.53 2 0
github.com/pbagtoltol/omniwriter/internal/schema/validation.go:126.53,128.3 1 0
github.com/pbagtoltol/omniwriter/internal/schema/validation.go:129.2,130.9 2 0
github.com/pbagtoltol/omniwriter/internal/schema/validation.go:130.9,132.3 1 0
github.com/pbagtoltol/omniwriter/internal/schema/validation.go:133.2,134.58 2 0
github.com/pbagtoltol/omniwriter/internal/schema/validation.go:134.58,136.3 1 0
github.com/pbagtoltol/omniwriter/internal/schema/validation.go:137.2,138.9 2 0
github.com/pbagtoltol/omniwriter/internal/schema/validation.go:138.9,140.3 1 0
github.com/pbagtoltol/omniwriter/internal/schema/validation.go:141.2,142.59 2 0
github.com/pbagtoltol/omniwriter/internal/schema/validation.go:142.59,144.3 1 0
github.com/pbagtoltol/omniwriter/internal/schema/validation.go:145.2,146.9 2 0
github.com/pbagtoltol/omniwriter/internal/schema/validation.go:146.9,148.3 1 0
github.com/pbagtoltol/omniwriter/internal/schema/validation.go:149.2,150.55 2 0
github.com/pbagtoltol/omniwriter/internal/schema/validation.go:150.55,152.3 1 0
github.com/pbagtoltol/omniwriter/internal/schema/validation.go:153.2,154.9 2 0
github.com/pbagtoltol/omniwriter/internal/schema/validation.go:154.9,156.3 1 0
github.com/pbagtoltol/omniwriter/internal/schema/validation.go:157.2,158.65 2 0
github.com/pbagtoltol/omniwriter/internal/schema/validation.go:158.65,160.3 1 0
github.com/pbagtoltol/omniwriter/internal/schema/validation.go:161.2,162.9 2 0
github.com/pbagtoltol/omniwriter/internal/schema/validation.go:162.9,164.3 1 0
github.com/pbagtoltol/omniwriter/internal/schema/validation.go:165.2,166.62 2 0
github.com/pbagtoltol/omniwriter/internal/schema/validation.go:166.62,168.3 1 0
github.com/pbagtoltol/omniwriter/internal/schema/validation.go:169.2,169.26 1 0
github.com/pbagtoltol/omniwriter/internal/schema/validation.go:169.26,171.3 1 0
github.com/pbagtoltol/omniwriter/internal/schema/validation.go:172.2,173.35 2 0
github.com/pbagtoltol/omniwriter/internal/schema/validation.go:173.35,175.10 2 0
github.com/pbagtoltol/omniwriter/internal/schema/validation.go:175.10,177.4 1 0
github.com/pbagtoltol/omniwriter/internal/schema/validation.go:178.3,179.59 2 0
github.com/pbagtoltol/omniwriter/internal/schema/validation.go:179.59,181.4 1 0
github.com/pbagtoltol/omniwriter/internal/schema/validation.go:182.3,183.10 2 0
github.com/pbagtoltol/omniwriter/internal/schema/validation.go:183.10,185.4 1 0
github.com/pbagtoltol/omniwriter/internal/schema/validation.go:186.3,187.62 2 0
github.com/pbagtoltol/omniwriter/internal/schema/validation.go:187.62,189.4 1 0
github.com/pbagtoltol/omniwriter/internal/schema/validation.go:190.3,191.10 2 0
github.com/pbagtoltol/omniwriter/internal/schema/validation.go:191.10,193.4 1 0
github.com/pbagtoltol/omniwriter/internal/schema/validation.go:194.3,195.58 2 0
github.com/pbagtoltol/omniwriter/internal/schema/validation.go:195.58,197.4 1 0
github.com/pbagtoltol/omniwriter/internal/schema/validation.go:198.3,198.46 1 0
github.com/pbagtoltol/omniwriter/internal/schema/validation.go:200.2,200.18 1 0
github.com/pbagtoltol/omniwriter/internal/schema/validation.go:203.59,205.53 2 0
github.com/pbagtoltol/omniwriter/internal/schema/validation.go:205.53,207.3 1 0
github.com/pbagtoltol/omniwriter/internal/schema/validation.go:208.2,209.9 2 0
github.com/pbagtoltol/omniwriter/internal/schema/validation.go:209.9,211.3 1 0
github.com/pbagtoltol/omniwriter/internal/schema/validation.go:212.2,213.56 2 0
github.com/pbagtoltol/omniwriter/internal/schema/validation.go:213.56,215.3 1 0
github.com/pbagtoltol/omniwriter/internal/schema/validation.go:216.2,217.9 2 0
github.com/pbagtoltol/omniwriter/internal/schema/validation.go:217.9,219.3 1 0
github.com/pbagtoltol/omniwriter/internal/schema/validation.go:220.2,221.57 2 0
github.com/pbagtoltol/omniwriter/internal/schema/validation.go:221.57,223.3 1 0
github.com/pbagtoltol/omniwriter/internal/schema/validation.go:224.2,224.29 1 0
